panic error time:2023-10-12 17:05:00
runtime error: integer divide by zero
stacktrace from panic:goroutine 53 [running]:
runtime/debug.Stack()
	D:/workspast/go/go1.20.5/src/runtime/debug/stack.go:24 +0x65
gin_ranking/pkg/logger.Recover.func1()
	D:/workspast/go/GOPROJECT/src/gin_ranking/pkg/logger/logger.go:138 +0x296
panic({0xabc920, 0xfe06e0})
	D:/workspast/go/go1.20.5/src/runtime/panic.go:884 +0x213
gin_ranking/controllers.UserController.GetList(...)
	D:/workspast/go/GOPROJECT/src/gin_ranking/controllers/user.go:61
github.com/gin-gonic/gin.(*Context).Next(...)
	D:/workspast/go/GOPROJECT/pkg/mod/github.com/gin-gonic/gin@v1.9.1/context.go:174
gin_ranking/pkg/logger.Recover(0xc0001d0c00)
	D:/workspast/go/GOPROJECT/src/gin_ranking/pkg/logger/logger.go:148 +0x6b
github.com/gin-gonic/gin.(*Context).Next(...)
	D:/workspast/go/GOPROJECT/pkg/mod/github.com/gin-gonic/gin@v1.9.1/context.go:174
github.com/gin-gonic/gin.LoggerWithConfig.func1(0xc0001d0c00)
	D:/workspast/go/GOPROJECT/pkg/mod/github.com/gin-gonic/gin@v1.9.1/logger.go:240 +0xe7
github.com/gin-gonic/gin.(*Context).Next(...)
	D:/workspast/go/GOPROJECT/pkg/mod/github.com/gin-gonic/gin@v1.9.1/context.go:174
github.com/gin-gonic/gin.CustomRecoveryWithWriter.func1(0xc0001d0c00)
	D:/workspast/go/GOPROJECT/pkg/mod/github.com/gin-gonic/gin@v1.9.1/recovery.go:102 +0x82
github.com/gin-gonic/gin.(*Context).Next(...)
	D:/workspast/go/GOPROJECT/pkg/mod/github.com/gin-gonic/gin@v1.9.1/context.go:174
github.com/gin-gonic/gin.LoggerWithConfig.func1(0xc0001d0c00)
	D:/workspast/go/GOPROJECT/pkg/mod/github.com/gin-gonic/gin@v1.9.1/logger.go:240 +0xe7
github.com/gin-gonic/gin.(*Context).Next(...)
	D:/workspast/go/GOPROJECT/pkg/mod/github.com/gin-gonic/gin@v1.9.1/context.go:174
github.com/gin-gonic/gin.(*Engine).handleHTTPRequest(0xc000084ea0, 0xc0001d0c00)
	D:/workspast/go/GOPROJECT/pkg/mod/github.com/gin-gonic/gin@v1.9.1/gin.go:620 +0x66b
github.com/gin-gonic/gin.(*Engine).ServeHTTP(0xc000084ea0, {0xc495f0?, 0xc00048f0a0}, 0xc0001d0b00)
	D:/workspast/go/GOPROJECT/pkg/mod/github.com/gin-gonic/gin@v1.9.1/gin.go:576 +0x1dd
net/http.serverHandler.ServeHTTP({0xc0000a2990?}, {0xc495f0, 0xc00048f0a0}, 0xc0001d0b00)
	D:/workspast/go/go1.20.5/src/net/http/server.go:2936 +0x316
net/http.(*conn).serve(0xc0005b6090, {0xc49c38, 0xc0000a28a0})
	D:/workspast/go/go1.20.5/src/net/http/server.go:1995 +0x612
created by net/http.(*Server).Serve
	D:/workspast/go/go1.20.5/src/net/http/server.go:3089 +0x5ed

