panic error time:2023-10-10 19:34:47
runtime error: integer divide by zero
stacktrace from panic:goroutine 20 [running]:
runtime/debug.Stack()
	D:/workspast/go/go1.20.5/src/runtime/debug/stack.go:24 +0x65
gin_ranking/pkg/logger.Recover.func1()
	D:/workspast/go/GOPROJECT/src/gin_ranking/pkg/logger/logger.go:138 +0x296
panic({0x7216a0, 0xad7460})
	D:/workspast/go/go1.20.5/src/runtime/panic.go:884 +0x213
gin_ranking/controllers.UserController.GetList(...)
	D:/workspast/go/GOPROJECT/src/gin_ranking/controllers/user.go:26
github.com/gin-gonic/gin.(*Context).Next(...)
	D:/workspast/go/GOPROJECT/pkg/mod/github.com/gin-gonic/gin@v1.9.1/context.go:174
gin_ranking/pkg/logger.Recover(0xc00009c200)
	D:/workspast/go/GOPROJECT/src/gin_ranking/pkg/logger/logger.go:148 +0x6b
github.com/gin-gonic/gin.(*Context).Next(...)
	D:/workspast/go/GOPROJECT/pkg/mod/github.com/gin-gonic/gin@v1.9.1/context.go:174
github.com/gin-gonic/gin.LoggerWithConfig.func1(0xc00009c200)
	D:/workspast/go/GOPROJECT/pkg/mod/github.com/gin-gonic/gin@v1.9.1/logger.go:240 +0xe7
github.com/gin-gonic/gin.(*Context).Next(...)
	D:/workspast/go/GOPROJECT/pkg/mod/github.com/gin-gonic/gin@v1.9.1/context.go:174
github.com/gin-gonic/gin.CustomRecoveryWithWriter.func1(0xc00009c200)
	D:/workspast/go/GOPROJECT/pkg/mod/github.com/gin-gonic/gin@v1.9.1/recovery.go:102 +0x82
github.com/gin-gonic/gin.(*Context).Next(...)
	D:/workspast/go/GOPROJECT/pkg/mod/github.com/gin-gonic/gin@v1.9.1/context.go:174
github.com/gin-gonic/gin.LoggerWithConfig.func1(0xc00009c200)
	D:/workspast/go/GOPROJECT/pkg/mod/github.com/gin-gonic/gin@v1.9.1/logger.go:240 +0xe7
github.com/gin-gonic/gin.(*Context).Next(...)
	D:/workspast/go/GOPROJECT/pkg/mod/github.com/gin-gonic/gin@v1.9.1/context.go:174
github.com/gin-gonic/gin.(*Engine).handleHTTPRequest(0xc000442b60, 0xc00009c200)
	D:/workspast/go/GOPROJECT/pkg/mod/github.com/gin-gonic/gin@v1.9.1/gin.go:620 +0x66b
github.com/gin-gonic/gin.(*Engine).ServeHTTP(0xc000442b60, {0x855a20?, 0xc0003f4000}, 0xc00009c100)
	D:/workspast/go/GOPROJECT/pkg/mod/github.com/gin-gonic/gin@v1.9.1/gin.go:576 +0x1dd
net/http.serverHandler.ServeHTTP({0x854b58?}, {0x855a20, 0xc0003f4000}, 0xc00009c100)
	D:/workspast/go/go1.20.5/src/net/http/server.go:2936 +0x316
net/http.(*conn).serve(0xc00018e1b0, {0x855f78, 0xc0004616b0})
	D:/workspast/go/go1.20.5/src/net/http/server.go:1995 +0x612
created by net/http.(*Server).Serve
	D:/workspast/go/go1.20.5/src/net/http/server.go:3089 +0x5ed

